[1.325s] DEBUG:colcon:Command line arguments: ['/usr/bin/colcon', 'build']
[1.326s] DEBUG:colcon:Parsed command line arguments: Namespace(log_base=None, log_level=None, verb_name='build', build_base='build', install_base='install', merge_install=False, symlink_install=False, test_result_base=None, continue_on_error=False, executor='parallel', parallel_workers=4, event_handlers=None, ignore_user_meta=False, metas=['./colcon.meta'], base_paths=['.'], packages_ignore=None, packages_ignore_regex=None, paths=None, packages_up_to=None, packages_up_to_regex=None, packages_above=None, packages_above_and_dependencies=None, packages_above_depth=None, packages_select_by_dep=None, packages_skip_by_dep=None, packages_skip_up_to=None, packages_select_build_failed=False, packages_skip_build_finished=False, packages_select_test_failures=False, packages_skip_test_passed=False, packages_select=None, packages_skip=None, packages_select_regex=None, packages_skip_regex=None, packages_start=None, packages_end=None, allow_overriding=[], cmake_args=None, cmake_target=None, cmake_target_skip_unavailable=False, cmake_clean_cache=False, cmake_clean_first=False, cmake_force_configure=False, ament_cmake_args=None, catkin_cmake_args=None, catkin_skip_building_tests=False, verb_parser=<colcon_defaults.argument_parser.defaults.DefaultArgumentsDecorator object at 0x7f8ed95850>, verb_extension=<colcon_core.verb.build.BuildVerb object at 0x7f8eedc8b0>, main=<bound method BuildVerb.main of <colcon_core.verb.build.BuildVerb object at 0x7f8eedc8b0>>)
[1.500s] Level 1:colcon.colcon_core.package_discovery:discover_packages(colcon_meta) check parameters
[1.501s] Level 1:colcon.colcon_core.package_discovery:discover_packages(recursive) check parameters
[1.501s] Level 1:colcon.colcon_core.package_discovery:discover_packages(ignore) check parameters
[1.501s] Level 1:colcon.colcon_core.package_discovery:discover_packages(path) check parameters
[1.501s] Level 1:colcon.colcon_core.package_discovery:discover_packages(colcon_meta) discover
[1.502s] Level 1:colcon.colcon_core.package_discovery:discover_packages(recursive) discover
[1.502s] INFO:colcon.colcon_core.package_discovery:Crawling recursively for packages in '/home/mavric/ros2_ws'
[1.502s] Level 1:colcon.colcon_core.package_identification:_identify(.) by extensions ['ignore', 'ignore_ament_install']
[1.502s] Level 1:colcon.colcon_core.package_identification:_identify(.) by extension 'ignore'
[1.503s] Level 1:colcon.colcon_core.package_identification:_identify(.) by extension 'ignore_ament_install'
[1.503s] Level 1:colcon.colcon_core.package_identification:_identify(.) by extensions ['colcon_pkg']
[1.503s] Level 1:colcon.colcon_core.package_identification:_identify(.) by extension 'colcon_pkg'
[1.503s] Level 1:colcon.colcon_core.package_identification:_identify(.) by extensions ['colcon_meta']
[1.503s] Level 1:colcon.colcon_core.package_identification:_identify(.) by extension 'colcon_meta'
[1.503s] Level 1:colcon.colcon_core.package_identification:_identify(.) by extensions ['ros']
[1.504s] Level 1:colcon.colcon_core.package_identification:_identify(.) by extension 'ros'
[1.673s] Level 1:colcon.colcon_core.package_identification:_identify(.) by extensions ['cmake', 'python']
[1.674s] Level 1:colcon.colcon_core.package_identification:_identify(.) by extension 'cmake'
[1.675s] Level 1:colcon.colcon_core.package_identification:_identify(.) by extension 'python'
[1.675s] Level 1:colcon.colcon_core.package_identification:_identify(.) by extensions ['python_setup_py']
[1.676s] Level 1:colcon.colcon_core.package_identification:_identify(.) by extension 'python_setup_py'
[1.677s] Level 1:colcon.colcon_core.package_identification:_identify(build) by extensions ['ignore', 'ignore_ament_install']
[1.677s] Level 1:colcon.colcon_core.package_identification:_identify(build) by extension 'ignore'
[1.678s] Level 1:colcon.colcon_core.package_identification:_identify(build) ignored
[1.679s] Level 1:colcon.colcon_core.package_identification:_identify(install) by extensions ['ignore', 'ignore_ament_install']
[1.680s] Level 1:colcon.colcon_core.package_identification:_identify(install) by extension 'ignore'
[1.681s] Level 1:colcon.colcon_core.package_identification:_identify(install) ignored
[1.682s] Level 1:colcon.colcon_core.package_identification:_identify(log) by extensions ['ignore', 'ignore_ament_install']
[1.683s] Level 1:colcon.colcon_core.package_identification:_identify(log) by extension 'ignore'
[1.683s] Level 1:colcon.colcon_core.package_identification:_identify(log) ignored
[1.684s] Level 1:colcon.colcon_core.package_identification:_identify(src) by extensions ['ignore', 'ignore_ament_install']
[1.684s] Level 1:colcon.colcon_core.package_identification:_identify(src) by extension 'ignore'
[1.684s] Level 1:colcon.colcon_core.package_identification:_identify(src) by extension 'ignore_ament_install'
[1.685s] Level 1:colcon.colcon_core.package_identification:_identify(src) by extensions ['colcon_pkg']
[1.685s] Level 1:colcon.colcon_core.package_identification:_identify(src) by extension 'colcon_pkg'
[1.685s] Level 1:colcon.colcon_core.package_identification:_identify(src) by extensions ['colcon_meta']
[1.686s] Level 1:colcon.colcon_core.package_identification:_identify(src) by extension 'colcon_meta'
[1.686s] Level 1:colcon.colcon_core.package_identification:_identify(src) by extensions ['ros']
[1.686s] Level 1:colcon.colcon_core.package_identification:_identify(src) by extension 'ros'
[1.686s] Level 1:colcon.colcon_core.package_identification:_identify(src) by extensions ['cmake', 'python']
[1.687s] Level 1:colcon.colcon_core.package_identification:_identify(src) by extension 'cmake'
[1.687s] Level 1:colcon.colcon_core.package_identification:_identify(src) by extension 'python'
[1.687s] Level 1:colcon.colcon_core.package_identification:_identify(src) by extensions ['python_setup_py']
[1.687s] Level 1:colcon.colcon_core.package_identification:_identify(src) by extension 'python_setup_py'
[1.688s] Level 1:colcon.colcon_core.package_identification:_identify(src/mavric) by extensions ['ignore', 'ignore_ament_install']
[1.688s] Level 1:colcon.colcon_core.package_identification:_identify(src/mavric) by extension 'ignore'
[1.689s] Level 1:colcon.colcon_core.package_identification:_identify(src/mavric) by extension 'ignore_ament_install'
[1.689s] Level 1:colcon.colcon_core.package_identification:_identify(src/mavric) by extensions ['colcon_pkg']
[1.689s] Level 1:colcon.colcon_core.package_identification:_identify(src/mavric) by extension 'colcon_pkg'
[1.689s] Level 1:colcon.colcon_core.package_identification:_identify(src/mavric) by extensions ['colcon_meta']
[1.690s] Level 1:colcon.colcon_core.package_identification:_identify(src/mavric) by extension 'colcon_meta'
[1.690s] Level 1:colcon.colcon_core.package_identification:_identify(src/mavric) by extensions ['ros']
[1.690s] Level 1:colcon.colcon_core.package_identification:_identify(src/mavric) by extension 'ros'
[1.699s] DEBUG:colcon.colcon_core.package_identification:Package 'src/mavric' with type 'ros.ament_python' and name 'mavric'
[1.699s] Level 1:colcon.colcon_core.package_discovery:discover_packages(recursive) using defaults
[1.699s] Level 1:colcon.colcon_core.package_discovery:discover_packages(ignore) discover
[1.699s] Level 1:colcon.colcon_core.package_discovery:discover_packages(ignore) using defaults
[1.700s] Level 1:colcon.colcon_core.package_discovery:discover_packages(path) discover
[1.700s] Level 1:colcon.colcon_core.package_discovery:discover_packages(path) using defaults
[1.867s] Level 1:colcon.colcon_core.package_discovery:discover_packages(prefix_path) check parameters
[1.868s] Level 1:colcon.colcon_core.package_discovery:discover_packages(prefix_path) discover
[1.891s] DEBUG:colcon.colcon_installed_package_information.package_discovery:Found 256 installed packages in /opt/ros/foxy
[1.897s] Level 1:colcon.colcon_core.package_discovery:discover_packages(prefix_path) using defaults
[2.125s] Level 5:colcon.colcon_core.verb:set package 'mavric' build argument 'cmake_args' from command line to 'None'
[2.125s] Level 5:colcon.colcon_core.verb:set package 'mavric' build argument 'cmake_target' from command line to 'None'
[2.125s] Level 5:colcon.colcon_core.verb:set package 'mavric' build argument 'cmake_target_skip_unavailable' from command line to 'False'
[2.126s] Level 5:colcon.colcon_core.verb:set package 'mavric' build argument 'cmake_clean_cache' from command line to 'False'
[2.126s] Level 5:colcon.colcon_core.verb:set package 'mavric' build argument 'cmake_clean_first' from command line to 'False'
[2.126s] Level 5:colcon.colcon_core.verb:set package 'mavric' build argument 'cmake_force_configure' from command line to 'False'
[2.126s] Level 5:colcon.colcon_core.verb:set package 'mavric' build argument 'ament_cmake_args' from command line to 'None'
[2.126s] Level 5:colcon.colcon_core.verb:set package 'mavric' build argument 'catkin_cmake_args' from command line to 'None'
[2.126s] Level 5:colcon.colcon_core.verb:set package 'mavric' build argument 'catkin_skip_building_tests' from command line to 'False'
[2.126s] DEBUG:colcon.colcon_core.verb:Building package 'mavric' with the following arguments: {'ament_cmake_args': None, 'build_base': '/home/mavric/ros2_ws/build/mavric', 'catkin_cmake_args': None, 'catkin_skip_building_tests': False, 'cmake_args': None, 'cmake_clean_cache': False, 'cmake_clean_first': False, 'cmake_force_configure': False, 'cmake_target': None, 'cmake_target_skip_unavailable': False, 'install_base': '/home/mavric/ros2_ws/install/mavric', 'merge_install': False, 'path': '/home/mavric/ros2_ws/src/mavric', 'symlink_install': False, 'test_result_base': None}
[2.129s] INFO:colcon.colcon_core.executor:Executing jobs using 'parallel' executor
[2.144s] DEBUG:colcon.colcon_parallel_executor.executor.parallel:run_until_complete
[2.152s] INFO:colcon.colcon_ros.task.ament_python.build:Building ROS package in '/home/mavric/ros2_ws/src/mavric' with build type 'ament_python'
[2.152s] Level 1:colcon.colcon_core.shell:create_environment_hook('mavric', 'ament_prefix_path')
[2.183s] INFO:colcon.colcon_core.plugin_system:Skipping extension 'colcon_core.shell.bat': Not used on non-Windows systems
[2.184s] INFO:colcon.colcon_core.shell:Creating environment hook '/home/mavric/ros2_ws/install/mavric/share/mavric/hook/ament_prefix_path.ps1'
[2.186s] INFO:colcon.colcon_core.shell:Creating environment descriptor '/home/mavric/ros2_ws/install/mavric/share/mavric/hook/ament_prefix_path.dsv'
[2.187s] INFO:colcon.colcon_core.shell:Creating environment hook '/home/mavric/ros2_ws/install/mavric/share/mavric/hook/ament_prefix_path.sh'
[2.195s] INFO:colcon.colcon_core.shell:Skip shell extension 'powershell' for command environment: Not usable outside of PowerShell
[2.195s] DEBUG:colcon.colcon_core.shell:Skip shell extension 'dsv' for command environment
[2.982s] INFO:colcon.colcon_core.task.python.build:Building Python package in '/home/mavric/ros2_ws/src/mavric'
[2.990s] INFO:colcon.colcon_core.shell:Skip shell extension 'powershell' for command environment: Not usable outside of PowerShell
[2.991s] DEBUG:colcon.colcon_core.shell:Skip shell extension 'dsv' for command environment
[5.671s] DEBUG:colcon.colcon_core.event_handler.log_command:Invoking command in '/home/mavric/ros2_ws/src/mavric': PYTHONPATH=/home/mavric/ros2_ws/build/mavric/prefix_override:/home/mavric/ros2_ws/install/mavric/lib/python3.9/site-packages:${PYTHONPATH} /usr/bin/python3 setup.py egg_info --egg-base ../../build/mavric build --build-base /home/mavric/ros2_ws/build/mavric/build install --record /home/mavric/ros2_ws/build/mavric/install.log --install-scripts $base/lib/mavric --single-version-externally-managed
[7.668s] DEBUG:colcon.colcon_core.event_handler.log_command:Invoked command in '/home/mavric/ros2_ws/src/mavric' returned '0': PYTHONPATH=/home/mavric/ros2_ws/build/mavric/prefix_override:/home/mavric/ros2_ws/install/mavric/lib/python3.9/site-packages:${PYTHONPATH} /usr/bin/python3 setup.py egg_info --egg-base ../../build/mavric build --build-base /home/mavric/ros2_ws/build/mavric/build install --record /home/mavric/ros2_ws/build/mavric/install.log --install-scripts $base/lib/mavric --single-version-externally-managed
[7.696s] Level 1:colcon.colcon_core.environment:checking '/home/mavric/ros2_ws/install/mavric' for CMake module files
[7.698s] Level 1:colcon.colcon_core.environment:checking '/home/mavric/ros2_ws/install/mavric' for CMake config files
[7.701s] Level 1:colcon.colcon_core.environment:checking '/home/mavric/ros2_ws/install/mavric/lib'
[7.702s] Level 1:colcon.colcon_core.environment:checking '/home/mavric/ros2_ws/install/mavric/bin'
[7.702s] Level 1:colcon.colcon_core.environment:checking '/home/mavric/ros2_ws/install/mavric/lib/pkgconfig/mavric.pc'
[7.703s] Level 1:colcon.colcon_core.environment:checking '/home/mavric/ros2_ws/install/mavric/lib/python3.9/site-packages'
[7.703s] Level 1:colcon.colcon_core.shell:create_environment_hook('mavric', 'pythonpath')
[7.710s] INFO:colcon.colcon_core.shell:Creating environment hook '/home/mavric/ros2_ws/install/mavric/share/mavric/hook/pythonpath.ps1'
[7.712s] INFO:colcon.colcon_core.shell:Creating environment descriptor '/home/mavric/ros2_ws/install/mavric/share/mavric/hook/pythonpath.dsv'
[7.713s] INFO:colcon.colcon_core.shell:Creating environment hook '/home/mavric/ros2_ws/install/mavric/share/mavric/hook/pythonpath.sh'
[7.715s] Level 1:colcon.colcon_core.environment:checking '/home/mavric/ros2_ws/install/mavric/bin'
[7.715s] Level 1:colcon.colcon_core.environment:create_environment_scripts_only(mavric)
[7.722s] INFO:colcon.colcon_core.shell:Creating package script '/home/mavric/ros2_ws/install/mavric/share/mavric/package.ps1'
[7.724s] INFO:colcon.colcon_core.shell:Creating package descriptor '/home/mavric/ros2_ws/install/mavric/share/mavric/package.dsv'
[7.726s] INFO:colcon.colcon_core.shell:Creating package script '/home/mavric/ros2_ws/install/mavric/share/mavric/package.sh'
[7.729s] INFO:colcon.colcon_core.shell:Creating package script '/home/mavric/ros2_ws/install/mavric/share/mavric/package.bash'
[7.731s] INFO:colcon.colcon_core.shell:Creating package script '/home/mavric/ros2_ws/install/mavric/share/mavric/package.zsh'
[7.733s] Level 1:colcon.colcon_core.environment:create_file_with_runtime_dependencies(/home/mavric/ros2_ws/install/mavric/share/colcon-core/packages/mavric)
[7.735s] DEBUG:colcon.colcon_parallel_executor.executor.parallel:closing loop
[7.735s] DEBUG:colcon.colcon_parallel_executor.executor.parallel:loop closed
[7.736s] DEBUG:colcon.colcon_parallel_executor.executor.parallel:run_until_complete finished with '0'
[7.737s] DEBUG:colcon.colcon_core.event_reactor:joining thread
[7.768s] INFO:colcon.colcon_core.plugin_system:Skipping extension 'colcon_notification.desktop_notification.notify2': 'notify2' not found
[7.769s] INFO:colcon.colcon_core.plugin_system:Skipping extension 'colcon_notification.desktop_notification.terminal_notifier': Not used on non-Darwin systems
[7.769s] INFO:colcon.colcon_core.plugin_system:Skipping extension 'colcon_notification.desktop_notification.win32': Not used on non-Windows systems
[7.770s] INFO:colcon.colcon_notification.desktop_notification:Sending desktop notification using 'notify_send'
[7.858s] DEBUG:colcon.colcon_core.event_reactor:joined thread
[7.866s] INFO:colcon.colcon_core.shell:Creating prefix script '/home/mavric/ros2_ws/install/local_setup.ps1'
[7.869s] INFO:colcon.colcon_core.shell:Creating prefix util module '/home/mavric/ros2_ws/install/_local_setup_util_ps1.py'
[7.874s] INFO:colcon.colcon_core.shell:Creating prefix chain script '/home/mavric/ros2_ws/install/setup.ps1'
[7.878s] INFO:colcon.colcon_core.shell:Creating prefix script '/home/mavric/ros2_ws/install/local_setup.sh'
[7.880s] INFO:colcon.colcon_core.shell:Creating prefix util module '/home/mavric/ros2_ws/install/_local_setup_util_sh.py'
[7.882s] INFO:colcon.colcon_core.shell:Creating prefix chain script '/home/mavric/ros2_ws/install/setup.sh'
[7.887s] INFO:colcon.colcon_core.shell:Creating prefix script '/home/mavric/ros2_ws/install/local_setup.bash'
[7.888s] INFO:colcon.colcon_core.shell:Creating prefix chain script '/home/mavric/ros2_ws/install/setup.bash'
[7.893s] INFO:colcon.colcon_core.shell:Creating prefix script '/home/mavric/ros2_ws/install/local_setup.zsh'
[7.895s] INFO:colcon.colcon_core.shell:Creating prefix chain script '/home/mavric/ros2_ws/install/setup.zsh'
