[2.428s] Invoking command in '/home/mavric/ros2_ws/src/mavric': PYTHONPATH=/home/mavric/ros2_ws/build/mavric/prefix_override:/home/mavric/ros2_ws/install/mavric/lib/python3.8/site-packages:${PYTHONPATH} /usr/bin/python3 setup.py egg_info --egg-base ../../build/mavric build --build-base /home/mavric/ros2_ws/build/mavric/build install --record /home/mavric/ros2_ws/build/mavric/install.log --install-scripts $base/lib/mavric --single-version-externally-managed
[3.207s] running egg_info
[3.209s] writing ../../build/mavric/mavric.egg-info/PKG-INFO
[3.210s] writing dependency_links to ../../build/mavric/mavric.egg-info/dependency_links.txt
[3.210s] writing entry points to ../../build/mavric/mavric.egg-info/entry_points.txt
[3.211s] writing requirements to ../../build/mavric/mavric.egg-info/requires.txt
[3.211s] writing top-level names to ../../build/mavric/mavric.egg-info/top_level.txt
[3.345s] reading manifest file '../../build/mavric/mavric.egg-info/SOURCES.txt'
[3.348s] writing manifest file '../../build/mavric/mavric.egg-info/SOURCES.txt'
[3.349s] running build
[3.349s] running build_py
[3.349s] running install
[3.352s] running install_lib
[3.357s] running install_data
[3.358s] running install_egg_info
[3.363s] removing '/home/mavric/ros2_ws/install/mavric/lib/python3.8/site-packages/mavric-0.1.0-py3.8.egg-info' (and everything under it)
[3.364s] Copying ../../build/mavric/mavric.egg-info to /home/mavric/ros2_ws/install/mavric/lib/python3.8/site-packages/mavric-0.1.0-py3.8.egg-info
[3.368s] running install_scripts
[3.429s] Installing bno055 script to /home/mavric/ros2_ws/install/mavric/lib/mavric
[3.430s] writing list of installed files to '/home/mavric/ros2_ws/build/mavric/install.log'
[3.523s] Invoked command in '/home/mavric/ros2_ws/src/mavric' returned '0': PYTHONPATH=/home/mavric/ros2_ws/build/mavric/prefix_override:/home/mavric/ros2_ws/install/mavric/lib/python3.8/site-packages:${PYTHONPATH} /usr/bin/python3 setup.py egg_info --egg-base ../../build/mavric build --build-base /home/mavric/ros2_ws/build/mavric/build install --record /home/mavric/ros2_ws/build/mavric/install.log --install-scripts $base/lib/mavric --single-version-externally-managed
