running egg_info
creating ../../build/mavric/mavric.egg-info
writing ../../build/mavric/mavric.egg-info/PKG-INFO
writing dependency_links to ../../build/mavric/mavric.egg-info/dependency_links.txt
writing entry points to ../../build/mavric/mavric.egg-info/entry_points.txt
writing requirements to ../../build/mavric/mavric.egg-info/requires.txt
writing top-level names to ../../build/mavric/mavric.egg-info/top_level.txt
writing manifest file '../../build/mavric/mavric.egg-info/SOURCES.txt'
reading manifest file '../../build/mavric/mavric.egg-info/SOURCES.txt'
writing manifest file '../../build/mavric/mavric.egg-info/SOURCES.txt'
running build
running build_py
creating /home/mavric/ros2_ws/build/mavric/build
creating /home/mavric/ros2_ws/build/mavric/build/lib
creating /home/mavric/ros2_ws/build/mavric/build/lib/mavric
copying mavric/__init__.py -> /home/mavric/ros2_ws/build/mavric/build/lib/mavric
running install
running install_lib
creating /home/mavric/ros2_ws/install/mavric/lib/python3.8/site-packages/mavric
copying /home/mavric/ros2_ws/build/mavric/build/lib/mavric/__init__.py -> /home/mavric/ros2_ws/install/mavric/lib/python3.8/site-packages/mavric
byte-compiling /home/mavric/ros2_ws/install/mavric/lib/python3.8/site-packages/mavric/__init__.py to __init__.cpython-38.pyc
running install_data
creating /home/mavric/ros2_ws/install/mavric/share/ament_index
creating /home/mavric/ros2_ws/install/mavric/share/ament_index/resource_index
creating /home/mavric/ros2_ws/install/mavric/share/ament_index/resource_index/packages
copying resource/mavric -> /home/mavric/ros2_ws/install/mavric/share/ament_index/resource_index/packages
copying package.xml -> /home/mavric/ros2_ws/install/mavric/share/mavric
running install_egg_info
Copying ../../build/mavric/mavric.egg-info to /home/mavric/ros2_ws/install/mavric/lib/python3.8/site-packages/mavric-0.1.0-py3.8.egg-info
running install_scripts
writing list of installed files to '/home/mavric/ros2_ws/build/mavric/install.log'
