[2.387s] Invoking command in '/home/mavric/ros2_ws/src/mavric': PYTHONPATH=/home/mavric/ros2_ws/build/mavric/prefix_override:/home/mavric/ros2_ws/install/mavric/lib/python3.8/site-packages:${PYTHONPATH} /usr/bin/python3 setup.py egg_info --egg-base ../../build/mavric build --build-base /home/mavric/ros2_ws/build/mavric/build install --record /home/mavric/ros2_ws/build/mavric/install.log --install-scripts $base/lib/mavric --single-version-externally-managed
[3.196s] running egg_info
[3.198s] creating ../../build/mavric/mavric.egg-info
[3.198s] writing ../../build/mavric/mavric.egg-info/PKG-INFO
[3.199s] writing dependency_links to ../../build/mavric/mavric.egg-info/dependency_links.txt
[3.200s] writing entry points to ../../build/mavric/mavric.egg-info/entry_points.txt
[3.200s] writing requirements to ../../build/mavric/mavric.egg-info/requires.txt
[3.200s] writing top-level names to ../../build/mavric/mavric.egg-info/top_level.txt
[3.204s] writing manifest file '../../build/mavric/mavric.egg-info/SOURCES.txt'
[3.330s] reading manifest file '../../build/mavric/mavric.egg-info/SOURCES.txt'
[3.333s] writing manifest file '../../build/mavric/mavric.egg-info/SOURCES.txt'
[3.334s] running build
[3.334s] running build_py
[3.334s] creating /home/mavric/ros2_ws/build/mavric/build
[3.335s] creating /home/mavric/ros2_ws/build/mavric/build/lib
[3.335s] creating /home/mavric/ros2_ws/build/mavric/build/lib/mavric
[3.335s] copying mavric/__init__.py -> /home/mavric/ros2_ws/build/mavric/build/lib/mavric
[3.336s] running install
[3.337s] running install_lib
[3.340s] creating /home/mavric/ros2_ws/install/mavric/lib/python3.8/site-packages/mavric
[3.340s] copying /home/mavric/ros2_ws/build/mavric/build/lib/mavric/__init__.py -> /home/mavric/ros2_ws/install/mavric/lib/python3.8/site-packages/mavric
[3.342s] byte-compiling /home/mavric/ros2_ws/install/mavric/lib/python3.8/site-packages/mavric/__init__.py to __init__.cpython-38.pyc
[3.347s] running install_data
[3.349s] creating /home/mavric/ros2_ws/install/mavric/share/ament_index
[3.349s] creating /home/mavric/ros2_ws/install/mavric/share/ament_index/resource_index
[3.350s] creating /home/mavric/ros2_ws/install/mavric/share/ament_index/resource_index/packages
[3.350s] copying resource/mavric -> /home/mavric/ros2_ws/install/mavric/share/ament_index/resource_index/packages
[3.350s] copying package.xml -> /home/mavric/ros2_ws/install/mavric/share/mavric
[3.351s] running install_egg_info
[3.355s] Copying ../../build/mavric/mavric.egg-info to /home/mavric/ros2_ws/install/mavric/lib/python3.8/site-packages/mavric-0.1.0-py3.8.egg-info
[3.357s] running install_scripts
[3.412s] writing list of installed files to '/home/mavric/ros2_ws/build/mavric/install.log'
[3.519s] Invoked command in '/home/mavric/ros2_ws/src/mavric' returned '0': PYTHONPATH=/home/mavric/ros2_ws/build/mavric/prefix_override:/home/mavric/ros2_ws/install/mavric/lib/python3.8/site-packages:${PYTHONPATH} /usr/bin/python3 setup.py egg_info --egg-base ../../build/mavric build --build-base /home/mavric/ros2_ws/build/mavric/build install --record /home/mavric/ros2_ws/build/mavric/install.log --install-scripts $base/lib/mavric --single-version-externally-managed
