/home/mavric/.local/lib/python3.9/site-packages/setuptools/dist.py:788: UserWarning: Usage of dash-separated 'script-dir' will not be supported in future versions. Please use the underscore name 'script_dir' instead
  warnings.warn(
running egg_info
writing ../../build/mavric/mavric.egg-info/PKG-INFO
writing dependency_links to ../../build/mavric/mavric.egg-info/dependency_links.txt
writing entry points to ../../build/mavric/mavric.egg-info/entry_points.txt
writing requirements to ../../build/mavric/mavric.egg-info/requires.txt
writing top-level names to ../../build/mavric/mavric.egg-info/top_level.txt
reading manifest file '../../build/mavric/mavric.egg-info/SOURCES.txt'
writing manifest file '../../build/mavric/mavric.egg-info/SOURCES.txt'
running build
running build_py
running install
/home/mavric/.local/lib/python3.9/site-packages/setuptools/command/install.py:34: SetuptoolsDeprecationWarning: setup.py install is deprecated. Use build and pip and other standards-based tools.
  warnings.warn(
running install_lib
creating /home/mavric/ros2_ws/install/mavric/lib/python3.9/site-packages/mavric
copying /home/mavric/ros2_ws/build/mavric/build/lib/mavric/BNO055_IMU.py -> /home/mavric/ros2_ws/install/mavric/lib/python3.9/site-packages/mavric
copying /home/mavric/ros2_ws/build/mavric/build/lib/mavric/__init__.py -> /home/mavric/ros2_ws/install/mavric/lib/python3.9/site-packages/mavric
byte-compiling /home/mavric/ros2_ws/install/mavric/lib/python3.9/site-packages/mavric/BNO055_IMU.py to BNO055_IMU.cpython-39.pyc
byte-compiling /home/mavric/ros2_ws/install/mavric/lib/python3.9/site-packages/mavric/__init__.py to __init__.cpython-39.pyc
running install_data
running install_egg_info
Copying ../../build/mavric/mavric.egg-info to /home/mavric/ros2_ws/install/mavric/lib/python3.9/site-packages/mavric-0.1.0-py3.9.egg-info
running install_scripts
Installing bno055 script to /home/mavric/ros2_ws/install/mavric/lib/mavric
writing list of installed files to '/home/mavric/ros2_ws/build/mavric/install.log'
