[3.518s] Invoking command in '/home/mavric/ros2_ws/src/mavric': PYTHONPATH=/home/mavric/ros2_ws/build/mavric/prefix_override:/home/mavric/ros2_ws/install/mavric/lib/python3.9/site-packages:${PYTHONPATH} /usr/bin/python3 setup.py egg_info --egg-base ../../build/mavric build --build-base /home/mavric/ros2_ws/build/mavric/build install --record /home/mavric/ros2_ws/build/mavric/install.log --install-scripts $base/lib/mavric --single-version-externally-managed
[3.975s] /home/mavric/.local/lib/python3.9/site-packages/setuptools/dist.py:788: UserWarning: Usage of dash-separated 'script-dir' will not be supported in future versions. Please use the underscore name 'script_dir' instead
[3.976s]   warnings.warn(
[4.391s] running egg_info
[4.452s] writing ../../build/mavric/mavric.egg-info/PKG-INFO
[4.454s] writing dependency_links to ../../build/mavric/mavric.egg-info/dependency_links.txt
[4.455s] writing entry points to ../../build/mavric/mavric.egg-info/entry_points.txt
[4.456s] writing requirements to ../../build/mavric/mavric.egg-info/requires.txt
[4.457s] writing top-level names to ../../build/mavric/mavric.egg-info/top_level.txt
[4.931s] reading manifest file '../../build/mavric/mavric.egg-info/SOURCES.txt'
[4.935s] writing manifest file '../../build/mavric/mavric.egg-info/SOURCES.txt'
[4.936s] running build
[4.936s] running build_py
[4.938s] running install
[4.938s] /home/mavric/.local/lib/python3.9/site-packages/setuptools/command/install.py:34: SetuptoolsDeprecationWarning: setup.py install is deprecated. Use build and pip and other standards-based tools.
[4.938s]   warnings.warn(
[4.959s] running install_lib
[5.023s] creating /home/mavric/ros2_ws/install/mavric/lib/python3.9/site-packages/mavric
[5.024s] copying /home/mavric/ros2_ws/build/mavric/build/lib/mavric/BNO055_IMU.py -> /home/mavric/ros2_ws/install/mavric/lib/python3.9/site-packages/mavric
[5.024s] copying /home/mavric/ros2_ws/build/mavric/build/lib/mavric/__init__.py -> /home/mavric/ros2_ws/install/mavric/lib/python3.9/site-packages/mavric
[5.026s] byte-compiling /home/mavric/ros2_ws/install/mavric/lib/python3.9/site-packages/mavric/BNO055_IMU.py to BNO055_IMU.cpython-39.pyc
[5.029s] byte-compiling /home/mavric/ros2_ws/install/mavric/lib/python3.9/site-packages/mavric/__init__.py to __init__.cpython-39.pyc
[5.030s] running install_data
[5.086s] running install_egg_info
[5.147s] Copying ../../build/mavric/mavric.egg-info to /home/mavric/ros2_ws/install/mavric/lib/python3.9/site-packages/mavric-0.1.0-py3.9.egg-info
[5.150s] running install_scripts
[5.387s] Installing bno055 script to /home/mavric/ros2_ws/install/mavric/lib/mavric
[5.388s] writing list of installed files to '/home/mavric/ros2_ws/build/mavric/install.log'
[5.514s] Invoked command in '/home/mavric/ros2_ws/src/mavric' returned '0': PYTHONPATH=/home/mavric/ros2_ws/build/mavric/prefix_override:/home/mavric/ros2_ws/install/mavric/lib/python3.9/site-packages:${PYTHONPATH} /usr/bin/python3 setup.py egg_info --egg-base ../../build/mavric build --build-base /home/mavric/ros2_ws/build/mavric/build install --record /home/mavric/ros2_ws/build/mavric/install.log --install-scripts $base/lib/mavric --single-version-externally-managed
