[2.393s] Invoking command in '/home/mavric/ros2_ws/src/mavric': PYTHONPATH=/home/mavric/ros2_ws/build/mavric/prefix_override:/home/mavric/ros2_ws/install/mavric/lib/python3.8/site-packages:${PYTHONPATH} /usr/bin/python3 setup.py egg_info --egg-base ../../build/mavric build --build-base /home/mavric/ros2_ws/build/mavric/build install --record /home/mavric/ros2_ws/build/mavric/install.log --install-scripts $base/lib/mavric --single-version-externally-managed
[3.172s] running egg_info
[3.174s] writing ../../build/mavric/mavric.egg-info/PKG-INFO
[3.175s] writing dependency_links to ../../build/mavric/mavric.egg-info/dependency_links.txt
[3.175s] writing entry points to ../../build/mavric/mavric.egg-info/entry_points.txt
[3.175s] writing requirements to ../../build/mavric/mavric.egg-info/requires.txt
[3.176s] writing top-level names to ../../build/mavric/mavric.egg-info/top_level.txt
[3.314s] reading manifest file '../../build/mavric/mavric.egg-info/SOURCES.txt'
[3.317s] writing manifest file '../../build/mavric/mavric.egg-info/SOURCES.txt'
[3.317s] running build
[3.318s] running build_py
[3.318s] copying mavric/BNO055_IMU.py -> /home/mavric/ros2_ws/build/mavric/build/lib/mavric
[3.318s] running install
[3.321s] running install_lib
[3.324s] copying /home/mavric/ros2_ws/build/mavric/build/lib/mavric/BNO055_IMU.py -> /home/mavric/ros2_ws/install/mavric/lib/python3.8/site-packages/mavric
[3.326s] byte-compiling /home/mavric/ros2_ws/install/mavric/lib/python3.8/site-packages/mavric/BNO055_IMU.py to BNO055_IMU.cpython-38.pyc
[3.331s] running install_data
[3.332s] copying package.xml -> /home/mavric/ros2_ws/install/mavric/share/mavric
[3.333s] running install_egg_info
[3.338s] removing '/home/mavric/ros2_ws/install/mavric/lib/python3.8/site-packages/mavric-0.1.0-py3.8.egg-info' (and everything under it)
[3.339s] Copying ../../build/mavric/mavric.egg-info to /home/mavric/ros2_ws/install/mavric/lib/python3.8/site-packages/mavric-0.1.0-py3.8.egg-info
[3.341s] running install_scripts
[3.402s] Installing bno055 script to /home/mavric/ros2_ws/install/mavric/lib/mavric
[3.403s] writing list of installed files to '/home/mavric/ros2_ws/build/mavric/install.log'
[3.507s] Invoked command in '/home/mavric/ros2_ws/src/mavric' returned '0': PYTHONPATH=/home/mavric/ros2_ws/build/mavric/prefix_override:/home/mavric/ros2_ws/install/mavric/lib/python3.8/site-packages:${PYTHONPATH} /usr/bin/python3 setup.py egg_info --egg-base ../../build/mavric build --build-base /home/mavric/ros2_ws/build/mavric/build install --record /home/mavric/ros2_ws/build/mavric/install.log --install-scripts $base/lib/mavric --single-version-externally-managed
