[1.247s] DEBUG:colcon:Command line arguments: ['/usr/bin/colcon', 'build', '--packages-select', 'mavric']
[1.247s] DEBUG:colcon:Parsed command line arguments: Namespace(allow_overriding=[], ament_cmake_args=None, base_paths=['.'], build_base='build', catkin_cmake_args=None, catkin_skip_building_tests=False, cmake_args=None, cmake_clean_cache=False, cmake_clean_first=False, cmake_force_configure=False, cmake_target=None, cmake_target_skip_unavailable=False, continue_on_error=False, event_handlers=None, executor='parallel', ignore_user_meta=False, install_base='install', log_base=None, log_level=None, main=<bound method BuildVerb.main of <colcon_core.verb.build.BuildVerb object at 0x7fa85b27c0>>, merge_install=False, metas=['./colcon.meta'], packages_above=None, packages_above_and_dependencies=None, packages_above_depth=None, packages_end=None, packages_ignore=None, packages_ignore_regex=None, packages_select=['mavric'], packages_select_build_failed=False, packages_select_by_dep=None, packages_select_regex=None, packages_select_test_failures=False, packages_skip=None, packages_skip_build_finished=False, packages_skip_by_dep=None, packages_skip_regex=None, packages_skip_test_passed=False, packages_skip_up_to=None, packages_start=None, packages_up_to=None, packages_up_to_regex=None, parallel_workers=4, paths=None, symlink_install=False, test_result_base=None, verb_extension=<colcon_core.verb.build.BuildVerb object at 0x7fa85b27c0>, verb_name='build', verb_parser=<colcon_defaults.argument_parser.defaults.DefaultArgumentsDecorator object at 0x7fa85b2d30>)
[1.346s] Level 1:colcon.colcon_core.package_discovery:discover_packages(colcon_meta) check parameters
[1.346s] Level 1:colcon.colcon_core.package_discovery:discover_packages(recursive) check parameters
[1.346s] Level 1:colcon.colcon_core.package_discovery:discover_packages(ignore) check parameters
[1.346s] Level 1:colcon.colcon_core.package_discovery:discover_packages(path) check parameters
[1.346s] Level 1:colcon.colcon_core.package_discovery:discover_packages(colcon_meta) discover
[1.347s] Level 1:colcon.colcon_core.package_discovery:discover_packages(recursive) discover
[1.347s] INFO:colcon.colcon_core.package_discovery:Crawling recursively for packages in '/home/mavric/ros2_ws'
[1.347s] Level 1:colcon.colcon_core.package_identification:_identify(.) by extensions ['ignore', 'ignore_ament_install']
[1.348s] Level 1:colcon.colcon_core.package_identification:_identify(.) by extension 'ignore'
[1.348s] Level 1:colcon.colcon_core.package_identification:_identify(.) by extension 'ignore_ament_install'
[1.348s] Level 1:colcon.colcon_core.package_identification:_identify(.) by extensions ['colcon_pkg']
[1.348s] Level 1:colcon.colcon_core.package_identification:_identify(.) by extension 'colcon_pkg'
[1.348s] Level 1:colcon.colcon_core.package_identification:_identify(.) by extensions ['colcon_meta']
[1.348s] Level 1:colcon.colcon_core.package_identification:_identify(.) by extension 'colcon_meta'
[1.349s] Level 1:colcon.colcon_core.package_identification:_identify(.) by extensions ['ros']
[1.349s] Level 1:colcon.colcon_core.package_identification:_identify(.) by extension 'ros'
[1.422s] Level 1:colcon.colcon_core.package_identification:_identify(.) by extensions ['cmake', 'python']
[1.423s] Level 1:colcon.colcon_core.package_identification:_identify(.) by extension 'cmake'
[1.423s] Level 1:colcon.colcon_core.package_identification:_identify(.) by extension 'python'
[1.423s] Level 1:colcon.colcon_core.package_identification:_identify(.) by extensions ['python_setup_py']
[1.423s] Level 1:colcon.colcon_core.package_identification:_identify(.) by extension 'python_setup_py'
[1.424s] Level 1:colcon.colcon_core.package_identification:_identify(build) by extensions ['ignore', 'ignore_ament_install']
[1.424s] Level 1:colcon.colcon_core.package_identification:_identify(build) by extension 'ignore'
[1.425s] Level 1:colcon.colcon_core.package_identification:_identify(build) ignored
[1.425s] Level 1:colcon.colcon_core.package_identification:_identify(install) by extensions ['ignore', 'ignore_ament_install']
[1.425s] Level 1:colcon.colcon_core.package_identification:_identify(install) by extension 'ignore'
[1.426s] Level 1:colcon.colcon_core.package_identification:_identify(install) ignored
[1.426s] Level 1:colcon.colcon_core.package_identification:_identify(log) by extensions ['ignore', 'ignore_ament_install']
[1.426s] Level 1:colcon.colcon_core.package_identification:_identify(log) by extension 'ignore'
[1.426s] Level 1:colcon.colcon_core.package_identification:_identify(log) ignored
[1.427s] Level 1:colcon.colcon_core.package_identification:_identify(src) by extensions ['ignore', 'ignore_ament_install']
[1.427s] Level 1:colcon.colcon_core.package_identification:_identify(src) by extension 'ignore'
[1.427s] Level 1:colcon.colcon_core.package_identification:_identify(src) by extension 'ignore_ament_install'
[1.427s] Level 1:colcon.colcon_core.package_identification:_identify(src) by extensions ['colcon_pkg']
[1.427s] Level 1:colcon.colcon_core.package_identification:_identify(src) by extension 'colcon_pkg'
[1.428s] Level 1:colcon.colcon_core.package_identification:_identify(src) by extensions ['colcon_meta']
[1.428s] Level 1:colcon.colcon_core.package_identification:_identify(src) by extension 'colcon_meta'
[1.428s] Level 1:colcon.colcon_core.package_identification:_identify(src) by extensions ['ros']
[1.428s] Level 1:colcon.colcon_core.package_identification:_identify(src) by extension 'ros'
[1.428s] Level 1:colcon.colcon_core.package_identification:_identify(src) by extensions ['cmake', 'python']
[1.428s] Level 1:colcon.colcon_core.package_identification:_identify(src) by extension 'cmake'
[1.428s] Level 1:colcon.colcon_core.package_identification:_identify(src) by extension 'python'
[1.429s] Level 1:colcon.colcon_core.package_identification:_identify(src) by extensions ['python_setup_py']
[1.429s] Level 1:colcon.colcon_core.package_identification:_identify(src) by extension 'python_setup_py'
[1.429s] Level 1:colcon.colcon_core.package_identification:_identify(src/mavric) by extensions ['ignore', 'ignore_ament_install']
[1.429s] Level 1:colcon.colcon_core.package_identification:_identify(src/mavric) by extension 'ignore'
[1.429s] Level 1:colcon.colcon_core.package_identification:_identify(src/mavric) by extension 'ignore_ament_install'
[1.430s] Level 1:colcon.colcon_core.package_identification:_identify(src/mavric) by extensions ['colcon_pkg']
[1.430s] Level 1:colcon.colcon_core.package_identification:_identify(src/mavric) by extension 'colcon_pkg'
[1.430s] Level 1:colcon.colcon_core.package_identification:_identify(src/mavric) by extensions ['colcon_meta']
[1.430s] Level 1:colcon.colcon_core.package_identification:_identify(src/mavric) by extension 'colcon_meta'
[1.430s] Level 1:colcon.colcon_core.package_identification:_identify(src/mavric) by extensions ['ros']
[1.430s] Level 1:colcon.colcon_core.package_identification:_identify(src/mavric) by extension 'ros'
[1.446s] DEBUG:colcon.colcon_core.package_identification:Package 'src/mavric' with type 'ros.ament_python' and name 'mavric'
[1.446s] Level 1:colcon.colcon_core.package_discovery:discover_packages(recursive) using defaults
[1.446s] Level 1:colcon.colcon_core.package_discovery:discover_packages(ignore) discover
[1.446s] Level 1:colcon.colcon_core.package_discovery:discover_packages(ignore) using defaults
[1.446s] Level 1:colcon.colcon_core.package_discovery:discover_packages(path) discover
[1.447s] Level 1:colcon.colcon_core.package_discovery:discover_packages(path) using defaults
[1.526s] Level 1:colcon.colcon_core.package_discovery:discover_packages(prefix_path) check parameters
[1.526s] Level 1:colcon.colcon_core.package_discovery:discover_packages(prefix_path) discover
[1.538s] DEBUG:colcon.colcon_installed_package_information.package_discovery:Found 256 installed packages in /opt/ros/foxy
[1.545s] Level 1:colcon.colcon_core.package_discovery:discover_packages(prefix_path) using defaults
[1.811s] Level 5:colcon.colcon_core.verb:set package 'mavric' build argument 'cmake_args' from command line to 'None'
[1.812s] Level 5:colcon.colcon_core.verb:set package 'mavric' build argument 'cmake_target' from command line to 'None'
[1.812s] Level 5:colcon.colcon_core.verb:set package 'mavric' build argument 'cmake_target_skip_unavailable' from command line to 'False'
[1.812s] Level 5:colcon.colcon_core.verb:set package 'mavric' build argument 'cmake_clean_cache' from command line to 'False'
[1.812s] Level 5:colcon.colcon_core.verb:set package 'mavric' build argument 'cmake_clean_first' from command line to 'False'
[1.812s] Level 5:colcon.colcon_core.verb:set package 'mavric' build argument 'cmake_force_configure' from command line to 'False'
[1.812s] Level 5:colcon.colcon_core.verb:set package 'mavric' build argument 'ament_cmake_args' from command line to 'None'
[1.812s] Level 5:colcon.colcon_core.verb:set package 'mavric' build argument 'catkin_cmake_args' from command line to 'None'
[1.812s] Level 5:colcon.colcon_core.verb:set package 'mavric' build argument 'catkin_skip_building_tests' from command line to 'False'
[1.812s] DEBUG:colcon.colcon_core.verb:Building package 'mavric' with the following arguments: {'ament_cmake_args': None, 'build_base': '/home/mavric/ros2_ws/build/mavric', 'catkin_cmake_args': None, 'catkin_skip_building_tests': False, 'cmake_args': None, 'cmake_clean_cache': False, 'cmake_clean_first': False, 'cmake_force_configure': False, 'cmake_target': None, 'cmake_target_skip_unavailable': False, 'install_base': '/home/mavric/ros2_ws/install/mavric', 'merge_install': False, 'path': '/home/mavric/ros2_ws/src/mavric', 'symlink_install': False, 'test_result_base': None}
[1.816s] INFO:colcon.colcon_core.executor:Executing jobs using 'parallel' executor
[1.838s] DEBUG:colcon.colcon_parallel_executor.executor.parallel:run_until_complete
[1.839s] INFO:colcon.colcon_ros.task.ament_python.build:Building ROS package in '/home/mavric/ros2_ws/src/mavric' with build type 'ament_python'
[1.840s] Level 1:colcon.colcon_core.shell:create_environment_hook('mavric', 'ament_prefix_path')
[1.857s] INFO:colcon.colcon_core.plugin_system:Skipping extension 'colcon_core.shell.bat': Not used on non-Windows systems
[1.857s] INFO:colcon.colcon_core.shell:Creating environment hook '/home/mavric/ros2_ws/install/mavric/share/mavric/hook/ament_prefix_path.ps1'
[1.859s] INFO:colcon.colcon_core.shell:Creating environment descriptor '/home/mavric/ros2_ws/install/mavric/share/mavric/hook/ament_prefix_path.dsv'
[1.861s] INFO:colcon.colcon_core.shell:Creating environment hook '/home/mavric/ros2_ws/install/mavric/share/mavric/hook/ament_prefix_path.sh'
[1.869s] INFO:colcon.colcon_core.shell:Skip shell extension 'powershell' for command environment: Not usable outside of PowerShell
[1.869s] DEBUG:colcon.colcon_core.shell:Skip shell extension 'dsv' for command environment
[2.788s] INFO:colcon.colcon_core.task.python.build:Building Python package in '/home/mavric/ros2_ws/src/mavric'
[2.794s] INFO:colcon.colcon_core.shell:Skip shell extension 'powershell' for command environment: Not usable outside of PowerShell
[2.794s] DEBUG:colcon.colcon_core.shell:Skip shell extension 'dsv' for command environment
[4.268s] DEBUG:colcon.colcon_core.event_handler.log_command:Invoking command in '/home/mavric/ros2_ws/src/mavric': PYTHONPATH=/home/mavric/ros2_ws/build/mavric/prefix_override:/home/mavric/ros2_ws/install/mavric/lib/python3.8/site-packages:${PYTHONPATH} /usr/bin/python3 setup.py egg_info --egg-base ../../build/mavric build --build-base /home/mavric/ros2_ws/build/mavric/build install --record /home/mavric/ros2_ws/build/mavric/install.log --install-scripts $base/lib/mavric --single-version-externally-managed
[5.366s] DEBUG:colcon.colcon_core.event_handler.log_command:Invoked command in '/home/mavric/ros2_ws/src/mavric' returned '0': PYTHONPATH=/home/mavric/ros2_ws/build/mavric/prefix_override:/home/mavric/ros2_ws/install/mavric/lib/python3.8/site-packages:${PYTHONPATH} /usr/bin/python3 setup.py egg_info --egg-base ../../build/mavric build --build-base /home/mavric/ros2_ws/build/mavric/build install --record /home/mavric/ros2_ws/build/mavric/install.log --install-scripts $base/lib/mavric --single-version-externally-managed
[5.382s] Level 1:colcon.colcon_core.environment:checking '/home/mavric/ros2_ws/install/mavric' for CMake module files
[5.384s] Level 1:colcon.colcon_core.environment:checking '/home/mavric/ros2_ws/install/mavric' for CMake config files
[5.387s] Level 1:colcon.colcon_core.environment:checking '/home/mavric/ros2_ws/install/mavric/lib'
[5.389s] Level 1:colcon.colcon_core.environment:checking '/home/mavric/ros2_ws/install/mavric/bin'
[5.389s] Level 1:colcon.colcon_core.environment:checking '/home/mavric/ros2_ws/install/mavric/lib/pkgconfig/mavric.pc'
[5.391s] Level 1:colcon.colcon_core.environment:checking '/home/mavric/ros2_ws/install/mavric/lib/python3.8/site-packages'
[5.391s] Level 1:colcon.colcon_core.shell:create_environment_hook('mavric', 'pythonpath')
[5.396s] INFO:colcon.colcon_core.shell:Creating environment hook '/home/mavric/ros2_ws/install/mavric/share/mavric/hook/pythonpath.ps1'
[5.398s] INFO:colcon.colcon_core.shell:Creating environment descriptor '/home/mavric/ros2_ws/install/mavric/share/mavric/hook/pythonpath.dsv'
[5.399s] INFO:colcon.colcon_core.shell:Creating environment hook '/home/mavric/ros2_ws/install/mavric/share/mavric/hook/pythonpath.sh'
[5.401s] Level 1:colcon.colcon_core.environment:checking '/home/mavric/ros2_ws/install/mavric/bin'
[5.401s] Level 1:colcon.colcon_core.environment:create_environment_scripts_only(mavric)
[5.406s] INFO:colcon.colcon_core.shell:Creating package script '/home/mavric/ros2_ws/install/mavric/share/mavric/package.ps1'
[5.409s] INFO:colcon.colcon_core.shell:Creating package descriptor '/home/mavric/ros2_ws/install/mavric/share/mavric/package.dsv'
[5.411s] INFO:colcon.colcon_core.shell:Creating package script '/home/mavric/ros2_ws/install/mavric/share/mavric/package.sh'
[5.413s] INFO:colcon.colcon_core.shell:Creating package script '/home/mavric/ros2_ws/install/mavric/share/mavric/package.bash'
[5.416s] INFO:colcon.colcon_core.shell:Creating package script '/home/mavric/ros2_ws/install/mavric/share/mavric/package.zsh'
[5.418s] Level 1:colcon.colcon_core.environment:create_file_with_runtime_dependencies(/home/mavric/ros2_ws/install/mavric/share/colcon-core/packages/mavric)
[5.419s] DEBUG:colcon.colcon_parallel_executor.executor.parallel:closing loop
[5.420s] DEBUG:colcon.colcon_parallel_executor.executor.parallel:loop closed
[5.420s] DEBUG:colcon.colcon_parallel_executor.executor.parallel:run_until_complete finished with '0'
[5.420s] DEBUG:colcon.colcon_core.event_reactor:joining thread
[5.437s] INFO:colcon.colcon_core.plugin_system:Skipping extension 'colcon_notification.desktop_notification.terminal_notifier': Not used on non-Darwin systems
[5.438s] INFO:colcon.colcon_core.plugin_system:Skipping extension 'colcon_notification.desktop_notification.win32': Not used on non-Windows systems
[5.438s] INFO:colcon.colcon_notification.desktop_notification:Sending desktop notification using 'notify2'
[5.471s] DEBUG:colcon.colcon_notification.desktop_notification.notify2:Failed to initialize notify2: org.freedesktop.DBus.Error.Spawn.ChildExited: Process org.freedesktop.Notifications exited with status 1
[5.471s] DEBUG:colcon.colcon_core.event_reactor:joined thread
[5.480s] INFO:colcon.colcon_core.shell:Creating prefix script '/home/mavric/ros2_ws/install/local_setup.ps1'
[5.483s] INFO:colcon.colcon_core.shell:Creating prefix util module '/home/mavric/ros2_ws/install/_local_setup_util_ps1.py'
[5.487s] INFO:colcon.colcon_core.shell:Creating prefix chain script '/home/mavric/ros2_ws/install/setup.ps1'
[5.491s] INFO:colcon.colcon_core.shell:Creating prefix script '/home/mavric/ros2_ws/install/local_setup.sh'
[5.493s] INFO:colcon.colcon_core.shell:Creating prefix util module '/home/mavric/ros2_ws/install/_local_setup_util_sh.py'
[5.495s] INFO:colcon.colcon_core.shell:Creating prefix chain script '/home/mavric/ros2_ws/install/setup.sh'
[5.499s] INFO:colcon.colcon_core.shell:Creating prefix script '/home/mavric/ros2_ws/install/local_setup.bash'
[5.501s] INFO:colcon.colcon_core.shell:Creating prefix chain script '/home/mavric/ros2_ws/install/setup.bash'
[5.505s] INFO:colcon.colcon_core.shell:Creating prefix script '/home/mavric/ros2_ws/install/local_setup.zsh'
[5.506s] INFO:colcon.colcon_core.shell:Creating prefix chain script '/home/mavric/ros2_ws/install/setup.zsh'
